<?xml version="1.0" encoding="UTF-8"?>
<!-- Generated by org.testng.reporters.JUnitXMLReporter -->
<testsuite hostname="SHIRIDIX03" ignored="0" name="Default test" tests="3" failures="0" timestamp="2020-04-28T17:10:02 IST" time="78.273" errors="0">
  <testcase name="browserLaunch" time="21.185" classname="com.Base.BrowserLaunch"/>
  <testcase name="test1" time="5.904" classname="TestCases.IndexTest"/>
  <testcase name="registerCust" time="51.121" classname="TestCases.RegisterTest"/>
</testsuite> <!-- Default test -->
