<?xml version="1.0" encoding="UTF-8"?>
<!-- Generated by org.testng.reporters.JUnitXMLReporter -->
<testsuite hostname="SHIRIDIX03" ignored="0" name="Test" tests="3" failures="0" timestamp="2020-04-28T17:45:35 IST" time="87.944" errors="0">
  <testcase name="browserLaunch" time="17.494" classname="com.Base.BrowserLaunch"/>
  <testcase name="test1" time="6.752" classname="TestCases.IndexTest"/>
  <testcase name="registerCust" time="63.648" classname="TestCases.RegisterTest"/>
</testsuite> <!-- Test -->
